Building Server from source...
  Determining projects to restore...
  All projects are up-to-date for restore.
  Server -> /Users/alexwaldmann/PS9/Server/bin/run/Server.dll

Build succeeded.
    0 Warning(s)
    0 Error(s)

Time Elapsed 00:00:00.47
Starting Snake Server in the background...
Snake server PID: 2191
Starting GUI Client in the foreground...
Server is running. Accepting clients.
GUI URL: http://0.0.0.0:5145
LAN URL: http://192.168.1.9:5145/snake
Press Ctrl+C to stop both GUI and server.
Using launch settings from /Users/alexwaldmann/PS9/GUI/Properties/launchSettings.json...
Building...
info: Microsoft.Hosting.Lifetime[14]
      Now listening on: http://0.0.0.0:5145
info: Microsoft.Hosting.Lifetime[0]
      Application started. Press Ctrl+C to shut down.
info: Microsoft.Hosting.Lifetime[0]
      Hosting environment: Development
info: Microsoft.Hosting.Lifetime[0]
      Content root path: /Users/alexwaldmann/PS9/GUI
info: Microsoft.Hosting.Lifetime[0]
      Application is shutting down...
